<?xml version="1.0" encoding="UTF-8"?>
<testng-results ignored="0" total="1" passed="1" failed="0" skipped="0">
  <reporter-output>
  </reporter-output>
  <suite started-at="2024-06-24T19:52:57 IST" name="Suite" finished-at="2024-06-24T19:53:09 IST" duration-ms="11992">
    <groups>
    </groups>
    <test started-at="2024-06-24T19:52:57 IST" name="Test" finished-at="2024-06-24T19:53:09 IST" duration-ms="11992">
      <class name="pageobjectmodaldemo.LoginTest">
        <test-method is-config="true" signature="setup()[pri:0, instance:pageobjectmodaldemo.LoginTest@353352b6]" started-at="2024-06-24T19:52:57 IST" name="setup" finished-at="2024-06-24T19:53:06 IST" duration-ms="8908" status="PASS">
          <reporter-output>
          </reporter-output>
        </test-method> <!-- setup -->
        <test-method signature="testLogin()[pri:0, instance:pageobjectmodaldemo.LoginTest@353352b6]" started-at="2024-06-24T19:53:06 IST" name="testLogin" finished-at="2024-06-24T19:53:08 IST" duration-ms="2736" status="PASS">
          <reporter-output>
          </reporter-output>
        </test-method> <!-- testLogin -->
        <test-method is-config="true" signature="tearDown()[pri:0, instance:pageobjectmodaldemo.LoginTest@353352b6]" started-at="2024-06-24T19:53:08 IST" name="tearDown" finished-at="2024-06-24T19:53:09 IST" duration-ms="281" status="PASS">
          <reporter-output>
          </reporter-output>
        </test-method> <!-- tearDown -->
      </class> <!-- pageobjectmodaldemo.LoginTest -->
    </test> <!-- Test -->
  </suite> <!-- Suite -->
</testng-results>
