<?xml version="1.0" encoding="UTF-8"?>
<testng-results ignored="0" total="2" passed="2" failed="0" skipped="0">
  <reporter-output>
  </reporter-output>
  <suite started-at="2024-07-09T12:40:21 IST" name="Master Suite" finished-at="2024-07-09T12:40:38 IST" duration-ms="17082">
    <groups>
      <group name="regression">
        <method signature="TC001_VerifyAccountRegistrationPage.verify_account_registration()[pri:0, instance:testCases.TC001_VerifyAccountRegistrationPage@7a48e6e2]" name="verify_account_registration" class="testCases.TC001_VerifyAccountRegistrationPage"/>
        <method signature="TC002_LoginTest.verify_login()[pri:0, instance:testCases.TC002_LoginTest@2a3591c5]" name="verify_login" class="testCases.TC002_LoginTest"/>
      </group> <!-- regression -->
      <group name="sanity">
        <method signature="TC001_VerifyAccountRegistrationPage.verify_account_registration()[pri:0, instance:testCases.TC001_VerifyAccountRegistrationPage@7a48e6e2]" name="verify_account_registration" class="testCases.TC001_VerifyAccountRegistrationPage"/>
        <method signature="TC002_LoginTest.verify_login()[pri:0, instance:testCases.TC002_LoginTest@2a3591c5]" name="verify_login" class="testCases.TC002_LoginTest"/>
      </group> <!-- sanity -->
      <group name="master">
        <method signature="TC001_VerifyAccountRegistrationPage.verify_account_registration()[pri:0, instance:testCases.TC001_VerifyAccountRegistrationPage@7a48e6e2]" name="verify_account_registration" class="testCases.TC001_VerifyAccountRegistrationPage"/>
        <method signature="TC002_LoginTest.verify_login()[pri:0, instance:testCases.TC002_LoginTest@2a3591c5]" name="verify_login" class="testCases.TC002_LoginTest"/>
      </group> <!-- master -->
    </groups>
    <test started-at="2024-07-09T12:40:21 IST" name="chromeTest" finished-at="2024-07-09T12:40:38 IST" duration-ms="17082">
      <class name="testCases.TC001_VerifyAccountRegistrationPage">
        <test-method is-config="true" signature="setup(java.lang.String,java.lang.String)[pri:0, instance:testCases.TC001_VerifyAccountRegistrationPage@7a48e6e2]" started-at="2024-07-09T12:40:21 IST" name="setup" finished-at="2024-07-09T12:40:29 IST" duration-ms="7450" status="PASS">
          <params>
            <param index="0">
              <value>
                <![CDATA[Windows]]>
              </value>
            </param>
            <param index="1">
              <value>
                <![CDATA[chrome]]>
              </value>
            </param>
          </params>
          <reporter-output>
          </reporter-output>
        </test-method> <!-- setup -->
        <test-method signature="verify_account_registration()[pri:0, instance:testCases.TC001_VerifyAccountRegistrationPage@7a48e6e2]" started-at="2024-07-09T12:40:29 IST" name="verify_account_registration" finished-at="2024-07-09T12:40:32 IST" duration-ms="3275" status="PASS">
          <reporter-output>
          </reporter-output>
        </test-method> <!-- verify_account_registration -->
        <test-method is-config="true" signature="tearDown()[pri:0, instance:testCases.TC001_VerifyAccountRegistrationPage@7a48e6e2]" started-at="2024-07-09T12:40:32 IST" name="tearDown" finished-at="2024-07-09T12:40:32 IST" duration-ms="263" status="PASS">
          <reporter-output>
          </reporter-output>
        </test-method> <!-- tearDown -->
      </class> <!-- testCases.TC001_VerifyAccountRegistrationPage -->
      <class name="testCases.TC002_LoginTest">
        <test-method is-config="true" signature="setup(java.lang.String,java.lang.String)[pri:0, instance:testCases.TC002_LoginTest@2a3591c5]" started-at="2024-07-09T12:40:32 IST" name="setup" finished-at="2024-07-09T12:40:36 IST" duration-ms="3745" status="PASS">
          <params>
            <param index="0">
              <value>
                <![CDATA[Windows]]>
              </value>
            </param>
            <param index="1">
              <value>
                <![CDATA[chrome]]>
              </value>
            </param>
          </params>
          <reporter-output>
          </reporter-output>
        </test-method> <!-- setup -->
        <test-method signature="verify_login()[pri:0, instance:testCases.TC002_LoginTest@2a3591c5]" started-at="2024-07-09T12:40:36 IST" name="verify_login" finished-at="2024-07-09T12:40:38 IST" duration-ms="1761" status="PASS">
          <reporter-output>
          </reporter-output>
        </test-method> <!-- verify_login -->
        <test-method is-config="true" signature="tearDown()[pri:0, instance:testCases.TC002_LoginTest@2a3591c5]" started-at="2024-07-09T12:40:38 IST" name="tearDown" finished-at="2024-07-09T12:40:38 IST" duration-ms="258" status="PASS">
          <reporter-output>
          </reporter-output>
        </test-method> <!-- tearDown -->
      </class> <!-- testCases.TC002_LoginTest -->
    </test> <!-- chromeTest -->
  </suite> <!-- Master Suite -->
</testng-results>
